<?xml version="1.0" encoding="UTF-8"?>
<testsuite name="com.day34.LibraryTest" tests="1" skipped="0" failures="0" errors="0" timestamp="2022-03-29T10:44:33" hostname="DESKTOP-617Q1NQ" time="0.409">
  <properties/>
  <testcase name="testSomeLibraryMethod()" classname="com.day34.LibraryTest" time="0.409"/>
  <system-out><![CDATA[]]></system-out>
  <system-err><![CDATA[]]></system-err>
</testsuite>
